  Scene.cpp
c:\users\aj\desktop\killerbytegameengine\killerbytegameengine\killerbytegameengine\src\math\vector3.h(41): warning C4244: '*=' : conversion from 'double' to 'float', possible loss of data
c:\users\aj\desktop\killerbytegameengine\killerbytegameengine\killerbytegameengine\src\scene.cpp(178): warning C4244: 'argument' : conversion from 'int' to 'float', possible loss of data
  PlatformWin32.cpp
c:\users\aj\desktop\killerbytegameengine\killerbytegameengine\killerbytegameengine\src\math\vector3.h(41): warning C4244: '*=' : conversion from 'double' to 'float', possible loss of data
  Platform.cpp
c:\users\aj\desktop\killerbytegameengine\killerbytegameengine\killerbytegameengine\src\math\vector3.h(41): warning C4244: '*=' : conversion from 'double' to 'float', possible loss of data
  Node.cpp
c:\users\aj\desktop\killerbytegameengine\killerbytegameengine\killerbytegameengine\src\math\vector3.h(41): warning C4244: '*=' : conversion from 'double' to 'float', possible loss of data
  MainWin32.cpp
c:\users\aj\desktop\killerbytegameengine\killerbytegameengine\killerbytegameengine\src\math\vector3.h(41): warning C4244: '*=' : conversion from 'double' to 'float', possible loss of data
  Game.cpp
c:\users\aj\desktop\killerbytegameengine\killerbytegameengine\killerbytegameengine\src\math\vector3.h(41): warning C4244: '*=' : conversion from 'double' to 'float', possible loss of data
c:\users\aj\desktop\killerbytegameengine\killerbytegameengine\killerbytegameengine\src\game.cpp(96): warning C4244: 'initializing' : conversion from 'double' to 'float', possible loss of data
  AudioController.cpp
c:\users\aj\desktop\killerbytegameengine\killerbytegameengine\killerbytegameengine\src\math\vector3.h(41): warning C4244: '*=' : conversion from 'double' to 'float', possible loss of data
  Generating Code...
c:\users\aj\desktop\killerbytegameengine\killerbytegameengine\killerbytegameengine\src\platform\platformwin32.cpp(178): warning C4715: 'WndProc' : not all control paths return a value
c:\users\aj\desktop\killerbytegameengine\killerbytegameengine\killerbytegameengine\src\scene.cpp(150): warning C4715: 'KillerbyteGameEngine::Scene::FindNode' : not all control paths return a value
  Appending Debug\Texture.obj
  Appending Debug\Shader.obj
  Appending Debug\Scene.obj
  Appending Debug\PlatformWin32.obj
  Appending Debug\Platform.obj
  Appending Debug\Node.obj
  Appending Debug\Model.obj
  Appending Debug\Matrix44.obj
  Appending Debug\MainWin32.obj
  Appending Debug\LogManager.obj
  Appending Debug\Image.obj
  Appending Debug\Game.obj
  Appending Debug\FileSystem.obj
  Appending Debug\File.obj
  Appending Debug\Camera.obj
  Appending Debug\AudioController.obj
  Appending Debug\AudioClip.obj
  KillerbyteGameEngine.vcxproj -> C:\Users\AJ\Desktop\KillerbyteGameEngine\KillerbyteGameEngine\Debug\KillerbyteGameEngine.lib
